<?xml version="1.0" encoding="UTF-8"?>
<testsuite name="BandTest" tests="7" skipped="0" failures="0" errors="0" timestamp="2016-05-19T21:38:03" hostname="epicodus-117.local" time="0.076">
  <properties/>
  <testcase name="equals_returnsTrueifBandsTheSame" classname="BandTest" time="0.004"/>
  <testcase name="allGetMethods_returnsBandInfo" classname="BandTest" time="0.005"/>
  <testcase name="bandArray_initiallyEmpty" classname="BandTest" time="0.009"/>
  <testcase name="method_instantiates_true" classname="BandTest" time="0.004"/>
  <testcase name="save_savesIdToBand_true" classname="BandTest" time="0.014"/>
  <testcase name="delete_deletesBandsAndVenuesAssociations" classname="BandTest" time="0.018"/>
  <testcase name="update_updatesBands_true" classname="BandTest" time="0.021"/>
  <system-out><![CDATA[]]></system-out>
  <system-err><![CDATA[]]></system-err>
</testsuite>
