<?xml version="1.0" encoding="UTF-8"?>
<testsuite name="BandTest" tests="9" skipped="0" failures="0" errors="0" timestamp="2016-05-17T16:39:57" hostname="epicodus-67.local" time="0.159">
  <properties/>
  <testcase name="equals_returnsTrueifBandsTheSame" classname="BandTest" time="0.006"/>
  <testcase name="allGetMethods_returnsBandInfo" classname="BandTest" time="0.008"/>
  <testcase name="bandArray_initiallyEmpty" classname="BandTest" time="0.013"/>
  <testcase name="add_addsVenueToBand_true" classname="BandTest" time="0.031"/>
  <testcase name="method_instantiates_true" classname="BandTest" time="0.006"/>
  <testcase name="save_savesIdToBand_true" classname="BandTest" time="0.015"/>
  <testcase name="delete_deletesBandsAndVenuesAssociations" classname="BandTest" time="0.031"/>
  <testcase name="update_updatesBands_true" classname="BandTest" time="0.024"/>
  <testcase name="getVenues_returnsAllVenues_true" classname="BandTest" time="0.024"/>
  <system-out><![CDATA[]]></system-out>
  <system-err><![CDATA[]]></system-err>
</testsuite>
